Environment variables:
  - =::=::\
  - =C:=C:\Users\pawar_m\git\GangContri
  - ALLUSERSPROFILE=C:\ProgramData
  - APPDATA=C:\Users\pawar_m\AppData\Roaming
  - BITBUCKET_HOME=C:\Atlassian\ApplicationData\Bitbucket
  - COMPUTERNAME=MAHESH-PA
  - ComSpec=C:\Windows\system32\cmd.exe
  - CommonProgramFiles=C:\Program Files\Common Files
  - CommonProgramFiles(x86)=C:\Program Files (x86)\Common Files
  - CommonProgramW6432=C:\Program Files\Common Files
  - DOCKER_TOOLBOX_INSTALL_PATH=C:\Program Files\Docker Toolbox
  - EICDDrive=E:\
  - ERROR_CODE=0
  - FISHEYE_HOME=C:\Atlassian\fecru-4.3.0
  - FISHEYE_INST=C:\Atlassian\Data\fecru
  - FP_NO_HOST_CHECK=NO
  - GRADLE_HOME=C:\gradle-3.2.1
  - HOMEDRIVE=C:
  - HOMEPATH=\Users\pawar_m
  - JAVA_EXEC="C:\Program Files\Java\jdk1.8.0_91\bin\java.exe"
  - JAVA_HOME=C:\Program Files\Java\jdk1.8.0_91
  - JDK_HOME=C:\Program Files\Java\jdk1.8.0_91
  - JRE_HOME=C:\Program Files\Java\jdk1.8.0_91\jre
  - LOCALAPPDATA=C:\Users\pawar_m\AppData\Local
  - LOGONSERVER=\\XORPUN-DC02
  - M2=C:\apache-maven-3.3.9\bin
  - M2_HOME=C:\apache-maven-3.3.9
  - MAVEN_OPTS=-Xms256m -Xmx512m
  - NUMBER_OF_PROCESSORS=4
  - OPENSSL_CONF=C:\OpenSSL-Win32\bin\openssl.cfg
  - OS=Windows_NT
  - OneDrive=C:\Users\pawar_m\OneDrive
  - PATHEXT=.COM;.EXE;.BAT;.CMD;.VBS;.VBE;.JS;.JSE;.WSF;.WSH;.MSC
  - PROCESSOR_ARCHITECTURE=AMD64
  - PROCESSOR_IDENTIFIER=Intel64 Family 6 Model 42 Stepping 7, GenuineIntel
  - PROCESSOR_LEVEL=6
  - PROCESSOR_REVISION=2a07
  - PROJECT_HOME=C:\Users\pawar_m\git\GangContri
  - PROMPT=$P$G
  - PSModulePath=C:\Windows\system32\WindowsPowerShell\v1.0\Modules\
  - PUBLIC=C:\Users\Public
  - Path=C:\ProgramData\Oracle\Java\javapath;C:\Program Files (x86)\Intel\iCLS Client\;C:\Program Files\Intel\iCLS Client\;C:\Windows\system32;C:\Windows;C:\Windows\System32\Wbem;C:\Windows\System32\WindowsPowerShell\v1.0\;C:\Program Files\Intel\Intel(R) Management Engine Components\DAL;C:\Program Files\Intel\Intel(R) Management Engine Components\IPT;C:\Program Files (x86)\Intel\Intel(R) Management Engine Components\DAL;C:\Program Files (x86)\Intel\Intel(R) Management Engine Components\IPT;C:\Program Files (x86)\Intel\OpenCL SDK\2.0\bin\x86;C:\Program Files (x86)\Intel\OpenCL SDK\2.0\bin\x64;C:\Program Files (x86)\Skype\Phone;c:\program files\java\jre1.8.0_121\bin;D:\sonar-runner-2.4\bin;C:\apache-maven-3.3.9\bin;C:\gradle-3.2.1\bin;C:\Users\pawar_m\AppData\Roaming\npm;C:\Program Files\Git\cmd;C:\Program Files (x86)\GnuWin32\bin;C:\Python27\;C:\OpenSSL-Win32\bin;C:\Program Files (x86)\Skype\Phone\;;C:\Program Files\Docker Toolbox
  - ProgramData=C:\ProgramData
  - ProgramFiles=C:\Program Files
  - ProgramFiles(x86)=C:\Program Files (x86)
  - ProgramW6432=C:\Program Files
  - PythonPath=C:\Python27\Lib;C:\Python27\DLLs;C:\Python27\Lib\lib-tk;
  - REPOSITORY_PASSWORD=admin123
  - REPOSITORY_URL=http://10.20.2.228:8081
  - REPOSITORY_USER=admin
  - SESSIONNAME=Console
  - SONAR_RUNNER_HOME=D:\sonar-runner-2.4
  - SONAR_RUNNER_OPTS=-Xmx512m
  - SONAR_SCANNER_OPTS=-Xmx512m
  - SystemDrive=C:
  - SystemRoot=C:\Windows
  - TEMP=C:\Users\pawar_m\AppData\Local\Temp
  - TMP=C:\Users\pawar_m\AppData\Local\Temp
  - USERDNSDOMAIN=INDIA.XORIANTCORP.COM
  - USERDOMAIN=XOR-IND
  - USERNAME=pawar_m
  - USERPROFILE=C:\Users\pawar_m
  - VBOX_MSI_INSTALL_PATH=C:\Program Files\Oracle\VirtualBox\
  - make=C:\Program Files (x86)\GnuWin32\bin
  - windir=C:\Windows
  - windows_tracing_flags=3
  - windows_tracing_logfile=C:\BVTBin\Tests\installpackage\csilogfile.log
System properties:
  - ROOT_LOGGER_LEVEL=DEBUG
  - awt.toolkit=sun.awt.windows.WToolkit
  - file.encoding=Cp1252
  - file.encoding.pkg=sun.io
  - file.separator=\
  - java.awt.graphicsenv=sun.awt.Win32GraphicsEnvironment
  - java.awt.printerjob=sun.awt.windows.WPrinterJob
  - java.class.path=D:\sonar-runner-2.4\lib\sonar-runner-dist-2.4.jar
  - java.class.version=52.0
  - java.endorsed.dirs=C:\Program Files\Java\jdk1.8.0_91\jre\lib\endorsed
  - java.ext.dirs=C:\Program Files\Java\jdk1.8.0_91\jre\lib\ext;C:\Windows\Sun\Java\lib\ext
  - java.home=C:\Program Files\Java\jdk1.8.0_91\jre
  - java.io.tmpdir=C:\Users\pawar_m\AppData\Local\Temp\
  - java.library.path=C:\Program Files\Java\jdk1.8.0_91\bin;C:\Windows\Sun\Java\bin;C:\Windows\system32;C:\Windows;C:\ProgramData\Oracle\Java\javapath;C:\Program Files (x86)\Intel\iCLS Client\;C:\Program Files\Intel\iCLS Client\;C:\Windows\system32;C:\Windows;C:\Windows\System32\Wbem;C:\Windows\System32\WindowsPowerShell\v1.0\;C:\Program Files\Intel\Intel(R) Management Engine Components\DAL;C:\Program Files\Intel\Intel(R) Management Engine Components\IPT;C:\Program Files (x86)\Intel\Intel(R) Management Engine Components\DAL;C:\Program Files (x86)\Intel\Intel(R) Management Engine Components\IPT;C:\Program Files (x86)\Intel\OpenCL SDK\2.0\bin\x86;C:\Program Files (x86)\Intel\OpenCL SDK\2.0\bin\x64;C:\Program Files (x86)\Skype\Phone;c:\program files\java\jre1.8.0_121\bin;D:\sonar-runner-2.4\bin;C:\apache-maven-3.3.9\bin;C:\gradle-3.2.1\bin;C:\Users\pawar_m\AppData\Roaming\npm;C:\Program Files\Git\cmd;C:\Program Files (x86)\GnuWin32\bin;C:\Python27\;C:\OpenSSL-Win32\bin;C:\Program Files (x86)\Skype\Phone\;;C:\Program Files\Docker Toolbox;.
  - java.runtime.name=Java(TM) SE Runtime Environment
  - java.runtime.version=1.8.0_91-b15
  - java.specification.name=Java Platform API Specification
  - java.specification.vendor=Oracle Corporation
  - java.specification.version=1.8
  - java.vendor=Oracle Corporation
  - java.vendor.url=http://java.oracle.com/
  - java.vendor.url.bug=http://bugreport.sun.com/bugreport/
  - java.version=1.8.0_91
  - java.vm.info=mixed mode
  - java.vm.name=Java HotSpot(TM) 64-Bit Server VM
  - java.vm.specification.name=Java Virtual Machine Specification
  - java.vm.specification.vendor=Oracle Corporation
  - java.vm.specification.version=1.8
  - java.vm.vendor=Oracle Corporation
  - java.vm.version=25.91-b15
  - line.separator=

  - os.arch=amd64
  - os.name=Windows 7
  - os.version=6.1
  - path.separator=;
  - project.home=C:\Users\pawar_m\git\GangContri
  - runner.home=D:\sonar-runner-2.4
  - sun.arch.data.model=64
  - sun.boot.class.path=C:\Program Files\Java\jdk1.8.0_91\jre\lib\resources.jar;C:\Program Files\Java\jdk1.8.0_91\jre\lib\rt.jar;C:\Program Files\Java\jdk1.8.0_91\jre\lib\sunrsasign.jar;C:\Program Files\Java\jdk1.8.0_91\jre\lib\jsse.jar;C:\Program Files\Java\jdk1.8.0_91\jre\lib\jce.jar;C:\Program Files\Java\jdk1.8.0_91\jre\lib\charsets.jar;C:\Program Files\Java\jdk1.8.0_91\jre\lib\jfr.jar;C:\Program Files\Java\jdk1.8.0_91\jre\classes
  - sun.boot.library.path=C:\Program Files\Java\jdk1.8.0_91\jre\bin
  - sun.cpu.endian=little
  - sun.cpu.isalist=amd64
  - sun.desktop=windows
  - sun.io.unicode.encoding=UnicodeLittle
  - sun.java.command=org.sonar.runner.Main -e -X
  - sun.java.launcher=SUN_STANDARD
  - sun.jnu.encoding=Cp1252
  - sun.management.compiler=HotSpot 64-Bit Tiered Compilers
  - sun.os.patch.level=Service Pack 1
  - sun.stderr.encoding=cp437
  - sun.stdout.encoding=cp437
  - user.country=US
  - user.dir=C:\Users\pawar_m\git\GangContri
  - user.home=C:\Users\pawar_m
  - user.language=en
  - user.name=pawar_m
  - user.script=
  - user.timezone=Asia/Calcutta
  - user.variant=
SonarQube plugins:
  - GitHub 1.4.1.822 (github)
  - CSS / SCSS / Less 3.1 (css)
  - SonarPython 1.8.0.1496 (python)
  - SonarCFamily 4.12.0.8799 (cpp)
  - FxCop 1.0 (fxcop)
  - Sonargraph 3.5 (Sonargraph)
  - SVN 1.3 (scmsvn)
  - 3D Code Metrics 3.5 (citymodel)
  - JavaScript 2.14 (javascript)
  - Findbugs 3.5 (findbugs)
  - SonarJava 4.12.0.11033 (java)
  - Sonargraph Integration 2.0.1 (sonargraphintegration)
  - Web 2.5.0.476 (web)
  - Git 1.2 (scmgit)
  - Timeline 1.5 (timeline)
  - Checkstyle 3.7 (checkstyle)
  - Generic Coverage 1.2 (genericcoverage)
Global properties:
  - sonar.core.id=AV5wPs5OXjdnd5jZ_R1Z
  - sonar.core.startTime=2017-09-18T01:50:36-0400
  - sonar.cpd.cross_project=true
  - sonar.lf.logoUrl=D:\Me\Downloads\Task_Force_141_Non-Disavowed.png
  - sonar.lf.logoWidthPx=30px
  - sonar.permission.template.default=default_template
  - sonar.qualitygate=1
Settings for module: Gang_Contri:Gang_Contri
  - sonar.host.url=http://10.20.3.94:9000
  - sonar.jdbc.password=******
  - sonar.jdbc.url=jdbc:mysql://10.20.3.94:3306/sonar2?useUnicode=true&amp;characterEncoding=utf8
  - sonar.jdbc.username=sonar2
  - sonar.login=******
  - sonar.password=******
  - sonar.profile=Sonar way
  - sonar.projectBaseDir=C:\Users\pawar_m\git\GangContri\.
  - sonar.projectKey=Gang_Contri:Gang_Contri
  - sonar.projectName=Gang_Contri
  - sonar.projectVersion=1.0
  - sonar.sourceEncoding=windows-1252
  - sonar.sources=.
  - sonar.verbose=true
  - sonar.working.directory=C:\Users\pawar_m\git\GangContri\.\.sonar
